# JRE version: OpenJDK Runtime Environment (8.0_242-b01) (build 1.8.0_242-release-1644-b01)
# Java VM: OpenJDK 64-Bit Server VM (25.242-b01 mixed mode windows-amd64 compressed oops)
Heap:
 PSYoungGen      total 69120K, used 32082K [0x00000000d5580000, 0x00000000de200000, 0x0000000100000000)
  eden space 61440K, 52% used [0x00000000d5580000,0x00000000d74d4be8,0x00000000d9180000)
  from space 7680K, 0% used [0x00000000dda80000,0x00000000dda80000,0x00000000de200000)
  to   space 9728K, 0% used [0x00000000dcf00000,0x00000000dcf00000,0x00000000dd880000)
 ParOldGen       total 40448K, used 14354K [0x0000000080000000, 0x0000000082780000, 0x00000000d5580000)
  object space 40448K, 35% used [0x0000000080000000,0x0000000080e04bc8,0x0000000082780000)
 Metaspace       used 22490K, capacity 23328K, committed 23424K, reserved 1069056K
  class space    used 3172K, capacity 3373K, committed 3456K, reserved 1048576K
GC Heap History (10 events):
Event: 33.898 GC heap before
{Heap before GC invocations=3 (full 0):
 PSYoungGen      total 34304K, used 34301K [0x00000000d5580000, 0x00000000d7980000, 0x0000000100000000)
  eden space 31744K, 100% used [0x00000000d5580000,0x00000000d7480000,0x00000000d7480000)
  from space 2560K, 99% used [0x00000000d7700000,0x00000000d797f718,0x00000000d7980000)
  to   space 2560K, 0% used [0x00000000d7480000,0x00000000d7480000,0x00000000d7700000)
 ParOldGen       total 42496K, used 1156K [0x0000000080000000, 0x0000000082980000, 0x00000000d5580000)
  object space 42496K, 2% used [0x0000000080000000,0x0000000080121118,0x0000000082980000)
 Metaspace       used 7740K, capacity 8040K, committed 8320K, reserved 1056768K
  class space    used 938K, capacity 1039K, committed 1152K, reserved 1048576K
Event: 33.905 GC heap after
Heap after GC invocations=3 (full 0):
 PSYoungGen      total 34304K, used 2560K [0x00000000d5580000, 0x00000000d9880000, 0x0000000100000000)
  eden space 31744K, 0% used [0x00000000d5580000,0x00000000d5580000,0x00000000d7480000)
  from space 2560K, 100% used [0x00000000d7480000,0x00000000d7700000,0x00000000d7700000)
  to   space 2560K, 0% used [0x00000000d9600000,0x00000000d9600000,0x00000000d9880000)
 ParOldGen       total 42496K, used 1759K [0x0000000080000000, 0x0000000082980000, 0x00000000d5580000)
  object space 42496K, 4% used [0x0000000080000000,0x00000000801b7d58,0x0000000082980000)
 Metaspace       used 7740K, capacity 8040K, committed 8320K, reserved 1056768K
  class space    used 938K, capacity 1039K, committed 1152K, reserved 1048576K
}
Event: 69.481 GC heap before
{Heap before GC invocations=4 (full 0):
 PSYoungGen      total 34304K, used 34304K [0x00000000d5580000, 0x00000000d9880000, 0x0000000100000000)
  eden space 31744K, 100% used [0x00000000d5580000,0x00000000d7480000,0x00000000d7480000)
  from space 2560K, 100% used [0x00000000d7480000,0x00000000d7700000,0x00000000d7700000)
  to   space 2560K, 0% used [0x00000000d9600000,0x00000000d9600000,0x00000000d9880000)
 ParOldGen       total 42496K, used 1759K [0x0000000080000000, 0x0000000082980000, 0x00000000d5580000)
  object space 42496K, 4% used [0x0000000080000000,0x00000000801b7d58,0x0000000082980000)
 Metaspace       used 11128K, capacity 11438K, committed 11648K, reserved 1058816K
  class space    used 1463K, capacity 1576K, committed 1664K, reserved 1048576K
Event: 69.490 GC heap after
Heap after GC invocations=4 (full 0):
 PSYoungGen      total 66048K, used 2544K [0x00000000d5580000, 0x00000000d9880000, 0x0000000100000000)
  eden space 63488K, 0% used [0x00000000d5580000,0x00000000d5580000,0x00000000d9380000)
  from space 2560K, 99% used [0x00000000d9600000,0x00000000d987c010,0x00000000d9880000)
  to   space 2560K, 0% used [0x00000000d9380000,0x00000000d9380000,0x00000000d9600000)
 ParOldGen       total 42496K, used 4827K [0x0000000080000000, 0x0000000082980000, 0x00000000d5580000)
  object space 42496K, 11% used [0x0000000080000000,0x00000000804b6fd0,0x0000000082980000)
 Metaspace       used 11128K, capacity 11438K, committed 11648K, reserved 1058816K
  class space    used 1463K, capacity 1576K, committed 1664K, reserved 1048576K
}
Event: 91.682 GC heap before
{Heap before GC invocations=5 (full 0):
 PSYoungGen      total 66048K, used 66032K [0x00000000d5580000, 0x00000000d9880000, 0x0000000100000000)
  eden space 63488K, 100% used [0x00000000d5580000,0x00000000d9380000,0x00000000d9380000)
  from space 2560K, 99% used [0x00000000d9600000,0x00000000d987c010,0x00000000d9880000)
  to   space 2560K, 0% used [0x00000000d9380000,0x00000000d9380000,0x00000000d9600000)
 ParOldGen       total 42496K, used 4827K [0x0000000080000000, 0x0000000082980000, 0x00000000d5580000)
  object space 42496K, 11% used [0x0000000080000000,0x00000000804b6fd0,0x0000000082980000)
 Metaspace       used 16953K, capacity 17578K, committed 17920K, reserved 1064960K
  class space    used 2284K, capacity 2468K, committed 2560K, reserved 1048576K
Event: 91.693 GC heap after
Heap after GC invocations=5 (full 0):
 PSYoungGen      total 66048K, used 2544K [0x00000000d5580000, 0x00000000de380000, 0x0000000100000000)
  eden space 63488K, 0% used [0x00000000d5580000,0x00000000d5580000,0x00000000d9380000)
  from space 2560K, 99% used [0x00000000d9380000,0x00000000d95fc010,0x00000000d9600000)
  to   space 9216K, 0% used [0x00000000dda80000,0x00000000dda80000,0x00000000de380000)
 ParOldGen       total 42496K, used 10817K [0x0000000080000000, 0x0000000082980000, 0x00000000d5580000)
  object space 42496K, 25% used [0x0000000080000000,0x0000000080a90538,0x0000000082980000)
 Metaspace       used 16953K, capacity 17578K, committed 17920K, reserved 1064960K
  class space    used 2284K, capacity 2468K, committed 2560K, reserved 1048576K
}
Event: 109.281 GC heap before
{Heap before GC invocations=6 (full 0):
 PSYoungGen      total 66048K, used 46473K [0x00000000d5580000, 0x00000000de380000, 0x0000000100000000)
  eden space 63488K, 69% used [0x00000000d5580000,0x00000000d8066438,0x00000000d9380000)
  from space 2560K, 99% used [0x00000000d9380000,0x00000000d95fc010,0x00000000d9600000)
  to   space 9216K, 0% used [0x00000000dda80000,0x00000000dda80000,0x00000000de380000)
 ParOldGen       total 42496K, used 10817K [0x0000000080000000, 0x0000000082980000, 0x00000000d5580000)
  object space 42496K, 25% used [0x0000000080000000,0x0000000080a90538,0x0000000082980000)
 Metaspace       used 20553K, capacity 21202K, committed 21248K, reserved 1067008K
  class space    used 2865K, capacity 3046K, committed 3072K, reserved 1048576K
Event: 109.294 GC heap after
Heap after GC invocations=6 (full 0):
 PSYoungGen      total 69120K, used 7449K [0x00000000d5580000, 0x00000000de200000, 0x0000000100000000)
  eden space 61440K, 0% used [0x00000000d5580000,0x00000000d5580000,0x00000000d9180000)
  from space 7680K, 97% used [0x00000000dda80000,0x00000000de1c66b0,0x00000000de200000)
  to   space 9728K, 0% used [0x00000000dcf00000,0x00000000dcf00000,0x00000000dd880000)
 ParOldGen       total 42496K, used 10825K [0x0000000080000000, 0x0000000082980000, 0x00000000d5580000)
  object space 42496K, 25% used [0x0000000080000000,0x0000000080a92538,0x0000000082980000)
 Metaspace       used 20553K, capacity 21202K, committed 21248K, reserved 1067008K
  class space    used 2865K, capacity 3046K, committed 3072K, reserved 1048576K
}
Event: 109.294 GC heap before
{Heap before GC invocations=7 (full 1):
 PSYoungGen      total 69120K, used 7449K [0x00000000d5580000, 0x00000000de200000, 0x0000000100000000)
  eden space 61440K, 0% used [0x00000000d5580000,0x00000000d5580000,0x00000000d9180000)
  from space 7680K, 97% used [0x00000000dda80000,0x00000000de1c66b0,0x00000000de200000)
  to   space 9728K, 0% used [0x00000000dcf00000,0x00000000dcf00000,0x00000000dd880000)
 ParOldGen       total 42496K, used 10825K [0x0000000080000000, 0x0000000082980000, 0x00000000d5580000)
  object space 42496K, 25% used [0x0000000080000000,0x0000000080a92538,0x0000000082980000)
 Metaspace       used 20553K, capacity 21202K, committed 21248K, reserved 1067008K
  class space    used 2865K, capacity 3046K, committed 3072K, reserved 1048576K
Event: 109.620 GC heap after
Heap after GC invocations=7 (full 1):
 PSYoungGen      total 69120K, used 0K [0x00000000d5580000, 0x00000000de200000, 0x0000000100000000)
  eden space 61440K, 0% used [0x00000000d5580000,0x00000000d5580000,0x00000000d9180000)
  from space 7680K, 0% used [0x00000000dda80000,0x00000000dda80000,0x00000000de200000)
  to   space 9728K, 0% used [0x00000000dcf00000,0x00000000dcf00000,0x00000000dd880000)
 ParOldGen       total 40448K, used 14354K [0x0000000080000000, 0x0000000082780000, 0x00000000d5580000)
  object space 40448K, 35% used [0x0000000080000000,0x0000000080e04bc8,0x0000000082780000)
 Metaspace       used 20553K, capacity 21202K, committed 21248K, reserved 1067008K
  class space    used 2865K, capacity 3046K, committed 3072K, reserved 1048576K
}

