# JRE version: OpenJDK Runtime Environment (8.0_242-b01) (build 1.8.0_242-release-1644-b01)
# Java VM: OpenJDK 64-Bit Server VM (25.242-b01 mixed mode windows-amd64 compressed oops)
Heap:
 PSYoungGen      total 173056K, used 24677K [0x00000000d5580000, 0x00000000e1b00000, 0x0000000100000000)
  eden space 159232K, 14% used [0x00000000d5580000,0x00000000d6c21560,0x00000000df100000)
  from space 13824K, 10% used [0x00000000df100000,0x00000000df278000,0x00000000dfe80000)
  to   space 13312K, 0% used [0x00000000e0e00000,0x00000000e0e00000,0x00000000e1b00000)
 ParOldGen       total 104960K, used 83047K [0x0000000080000000, 0x0000000086680000, 0x00000000d5580000)
  object space 104960K, 79% used [0x0000000080000000,0x0000000085119dc8,0x0000000086680000)
 Metaspace       used 79449K, capacity 83602K, committed 84056K, reserved 1122304K
  class space    used 10734K, capacity 11475K, committed 11648K, reserved 1048576K
GC Heap History (10 events):
Event: 970.895 GC heap before
{Heap before GC invocations=59 (full 5):
 PSYoungGen      total 144384K, used 126448K [0x00000000d5580000, 0x00000000e0380000, 0x0000000100000000)
  eden space 124416K, 100% used [0x00000000d5580000,0x00000000dcf00000,0x00000000dcf00000)
  from space 19968K, 10% used [0x00000000dcf00000,0x00000000dd0fc020,0x00000000de280000)
  to   space 18944K, 0% used [0x00000000df100000,0x00000000df100000,0x00000000e0380000)
 ParOldGen       total 104960K, used 73511K [0x0000000080000000, 0x0000000086680000, 0x00000000d5580000)
  object space 104960K, 70% used [0x0000000080000000,0x00000000847c9f60,0x0000000086680000)
 Metaspace       used 79194K, capacity 83326K, committed 83800K, reserved 1122304K
  class space    used 10734K, capacity 11475K, committed 11648K, reserved 1048576K
Event: 970.911 GC heap after
Heap after GC invocations=59 (full 5):
 PSYoungGen      total 156160K, used 1568K [0x00000000d5580000, 0x00000000e0100000, 0x0000000100000000)
  eden space 139776K, 0% used [0x00000000d5580000,0x00000000d5580000,0x00000000dde00000)
  from space 16384K, 9% used [0x00000000df100000,0x00000000df288000,0x00000000e0100000)
  to   space 17920K, 0% used [0x00000000dde00000,0x00000000dde00000,0x00000000def80000)
 ParOldGen       total 104960K, used 75327K [0x0000000080000000, 0x0000000086680000, 0x00000000d5580000)
  object space 104960K, 71% used [0x0000000080000000,0x000000008498fc80,0x0000000086680000)
 Metaspace       used 79194K, capacity 83326K, committed 83800K, reserved 1122304K
  class space    used 10734K, capacity 11475K, committed 11648K, reserved 1048576K
}
Event: 972.058 GC heap before
{Heap before GC invocations=60 (full 5):
 PSYoungGen      total 156160K, used 141344K [0x00000000d5580000, 0x00000000e0100000, 0x0000000100000000)
  eden space 139776K, 100% used [0x00000000d5580000,0x00000000dde00000,0x00000000dde00000)
  from space 16384K, 9% used [0x00000000df100000,0x00000000df288000,0x00000000e0100000)
  to   space 17920K, 0% used [0x00000000dde00000,0x00000000dde00000,0x00000000def80000)
 ParOldGen       total 104960K, used 75327K [0x0000000080000000, 0x0000000086680000, 0x00000000d5580000)
  object space 104960K, 71% used [0x0000000080000000,0x000000008498fc80,0x0000000086680000)
 Metaspace       used 79208K, capacity 83390K, committed 84056K, reserved 1122304K
  class space    used 10734K, capacity 11475K, committed 11648K, reserved 1048576K
Event: 972.076 GC heap after
Heap after GC invocations=60 (full 5):
 PSYoungGen      total 157696K, used 1696K [0x00000000d5580000, 0x00000000e0f00000, 0x0000000100000000)
  eden space 139776K, 0% used [0x00000000d5580000,0x00000000d5580000,0x00000000dde00000)
  from space 17920K, 9% used [0x00000000dde00000,0x00000000ddfa8000,0x00000000def80000)
  to   space 16896K, 0% used [0x00000000dfe80000,0x00000000dfe80000,0x00000000e0f00000)
 ParOldGen       total 104960K, used 76527K [0x0000000080000000, 0x0000000086680000, 0x00000000d5580000)
  object space 104960K, 72% used [0x0000000080000000,0x0000000084abbc80,0x0000000086680000)
 Metaspace       used 79208K, capacity 83390K, committed 84056K, reserved 1122304K
  class space    used 10734K, capacity 11475K, committed 11648K, reserved 1048576K
}
Event: 973.957 GC heap before
{Heap before GC invocations=61 (full 5):
 PSYoungGen      total 157696K, used 141472K [0x00000000d5580000, 0x00000000e0f00000, 0x0000000100000000)
  eden space 139776K, 100% used [0x00000000d5580000,0x00000000dde00000,0x00000000dde00000)
  from space 17920K, 9% used [0x00000000dde00000,0x00000000ddfa8000,0x00000000def80000)
  to   space 16896K, 0% used [0x00000000dfe80000,0x00000000dfe80000,0x00000000e0f00000)
 ParOldGen       total 104960K, used 76527K [0x0000000080000000, 0x0000000086680000, 0x00000000d5580000)
  object space 104960K, 72% used [0x0000000080000000,0x0000000084abbc80,0x0000000086680000)
 Metaspace       used 79275K, capacity 83398K, committed 84056K, reserved 1122304K
  class space    used 10734K, capacity 11475K, committed 11648K, reserved 1048576K
Event: 974.042 GC heap after
Heap after GC invocations=61 (full 5):
 PSYoungGen      total 174080K, used 2886K [0x00000000d5580000, 0x00000000e0f00000, 0x0000000100000000)
  eden space 157184K, 0% used [0x00000000d5580000,0x00000000d5580000,0x00000000def00000)
  from space 16896K, 17% used [0x00000000dfe80000,0x00000000e01519e0,0x00000000e0f00000)
  to   space 15872K, 0% used [0x00000000def00000,0x00000000def00000,0x00000000dfe80000)
 ParOldGen       total 104960K, used 77719K [0x0000000080000000, 0x0000000086680000, 0x00000000d5580000)
  object space 104960K, 74% used [0x0000000080000000,0x0000000084be5c80,0x0000000086680000)
 Metaspace       used 79275K, capacity 83398K, committed 84056K, reserved 1122304K
  class space    used 10734K, capacity 11475K, committed 11648K, reserved 1048576K
}
Event: 976.502 GC heap before
{Heap before GC invocations=62 (full 5):
 PSYoungGen      total 174080K, used 160070K [0x00000000d5580000, 0x00000000e0f00000, 0x0000000100000000)
  eden space 157184K, 100% used [0x00000000d5580000,0x00000000def00000,0x00000000def00000)
  from space 16896K, 17% used [0x00000000dfe80000,0x00000000e01519e0,0x00000000e0f00000)
  to   space 15872K, 0% used [0x00000000def00000,0x00000000def00000,0x00000000dfe80000)
 ParOldGen       total 104960K, used 77719K [0x0000000080000000, 0x0000000086680000, 0x00000000d5580000)
  object space 104960K, 74% used [0x0000000080000000,0x0000000084be5c80,0x0000000086680000)
 Metaspace       used 79405K, capacity 83526K, committed 84056K, reserved 1122304K
  class space    used 10734K, capacity 11475K, committed 11648K, reserved 1048576K
Event: 976.525 GC heap after
Heap after GC invocations=62 (full 5):
 PSYoungGen      total 173056K, used 1952K [0x00000000d5580000, 0x00000000e0f00000, 0x0000000100000000)
  eden space 157184K, 0% used [0x00000000d5580000,0x00000000d5580000,0x00000000def00000)
  from space 15872K, 12% used [0x00000000def00000,0x00000000df0e8000,0x00000000dfe80000)
  to   space 16896K, 0% used [0x00000000dfe80000,0x00000000dfe80000,0x00000000e0f00000)
 ParOldGen       total 104960K, used 79807K [0x0000000080000000, 0x0000000086680000, 0x00000000d5580000)
  object space 104960K, 76% used [0x0000000080000000,0x0000000084defe18,0x0000000086680000)
 Metaspace       used 79405K, capacity 83526K, committed 84056K, reserved 1122304K
  class space    used 10734K, capacity 11475K, committed 11648K, reserved 1048576K
}
Event: 979.222 GC heap before
{Heap before GC invocations=63 (full 5):
 PSYoungGen      total 173056K, used 159136K [0x00000000d5580000, 0x00000000e0f00000, 0x0000000100000000)
  eden space 157184K, 100% used [0x00000000d5580000,0x00000000def00000,0x00000000def00000)
  from space 15872K, 12% used [0x00000000def00000,0x00000000df0e8000,0x00000000dfe80000)
  to   space 16896K, 0% used [0x00000000dfe80000,0x00000000dfe80000,0x00000000e0f00000)
 ParOldGen       total 104960K, used 79807K [0x0000000080000000, 0x0000000086680000, 0x00000000d5580000)
  object space 104960K, 76% used [0x0000000080000000,0x0000000084defe18,0x0000000086680000)
 Metaspace       used 79418K, capacity 83534K, committed 84056K, reserved 1122304K
  class space    used 10734K, capacity 11475K, committed 11648K, reserved 1048576K
Event: 979.256 GC heap after
Heap after GC invocations=63 (full 5):
 PSYoungGen      total 176128K, used 3399K [0x00000000d5580000, 0x00000000e1b00000, 0x0000000100000000)
  eden space 159232K, 0% used [0x00000000d5580000,0x00000000d5580000,0x00000000df100000)
  from space 16896K, 20% used [0x00000000dfe80000,0x00000000e01d1ed8,0x00000000e0f00000)
  to   space 13824K, 0% used [0x00000000df100000,0x00000000df100000,0x00000000dfe80000)
 ParOldGen       total 104960K, used 81370K [0x0000000080000000, 0x0000000086680000, 0x00000000d5580000)
  object space 104960K, 77% used [0x0000000080000000,0x0000000084f76988,0x0000000086680000)
 Metaspace       used 79418K, capacity 83534K, committed 84056K, reserved 1122304K
  class space    used 10734K, capacity 11475K, committed 11648K, reserved 1048576K
}

