# JRE version: OpenJDK Runtime Environment (8.0_242-b01) (build 1.8.0_242-release-1644-b01)
# Java VM: OpenJDK 64-Bit Server VM (25.242-b01 mixed mode windows-amd64 compressed oops)
Heap:
 PSYoungGen      total 94720K, used 38093K [0x00000000d5580000, 0x00000000dbf80000, 0x0000000100000000)
  eden space 81920K, 43% used [0x00000000d5580000,0x00000000d784b698,0x00000000da580000)
  from space 12800K, 19% used [0x00000000db200000,0x00000000db468000,0x00000000dbe80000)
  to   space 12800K, 0% used [0x00000000da580000,0x00000000da580000,0x00000000db200000)
 ParOldGen       total 92160K, used 62689K [0x0000000080000000, 0x0000000085a00000, 0x00000000d5580000)
  object space 92160K, 68% used [0x0000000080000000,0x0000000083d38610,0x0000000085a00000)
 Metaspace       used 74637K, capacity 78812K, committed 79064K, reserved 1118208K
  class space    used 10232K, capacity 11002K, committed 11008K, reserved 1048576K
GC Heap History (10 events):
Event: 197.539 GC heap before
{Heap before GC invocations=36 (full 4):
 PSYoungGen      total 71168K, used 60182K [0x00000000d5580000, 0x00000000db780000, 0x0000000100000000)
  eden space 56832K, 100% used [0x00000000d5580000,0x00000000d8d00000,0x00000000d8d00000)
  from space 14336K, 23% used [0x00000000d8d00000,0x00000000d90458f0,0x00000000d9b00000)
  to   space 15360K, 0% used [0x00000000da880000,0x00000000da880000,0x00000000db780000)
 ParOldGen       total 92160K, used 56346K [0x0000000080000000, 0x0000000085a00000, 0x00000000d5580000)
  object space 92160K, 61% used [0x0000000080000000,0x0000000083706b80,0x0000000085a00000)
 Metaspace       used 72132K, capacity 75866K, committed 75992K, reserved 1114112K
  class space    used 9987K, capacity 10691K, committed 10752K, reserved 1048576K
Event: 197.568 GC heap after
Heap after GC invocations=36 (full 4):
 PSYoungGen      total 73728K, used 5640K [0x00000000d5580000, 0x00000000db180000, 0x0000000100000000)
  eden space 64512K, 0% used [0x00000000d5580000,0x00000000d5580000,0x00000000d9480000)
  from space 9216K, 61% used [0x00000000da880000,0x00000000dae02038,0x00000000db180000)
  to   space 14848K, 0% used [0x00000000d9480000,0x00000000d9480000,0x00000000da300000)
 ParOldGen       total 92160K, used 58522K [0x0000000080000000, 0x0000000085a00000, 0x00000000d5580000)
  object space 92160K, 63% used [0x0000000080000000,0x00000000839268e0,0x0000000085a00000)
 Metaspace       used 72132K, capacity 75866K, committed 75992K, reserved 1114112K
  class space    used 9987K, capacity 10691K, committed 10752K, reserved 1048576K
}
Event: 199.290 GC heap before
{Heap before GC invocations=37 (full 4):
 PSYoungGen      total 73728K, used 70152K [0x00000000d5580000, 0x00000000db180000, 0x0000000100000000)
  eden space 64512K, 100% used [0x00000000d5580000,0x00000000d9480000,0x00000000d9480000)
  from space 9216K, 61% used [0x00000000da880000,0x00000000dae02038,0x00000000db180000)
  to   space 14848K, 0% used [0x00000000d9480000,0x00000000d9480000,0x00000000da300000)
 ParOldGen       total 92160K, used 58522K [0x0000000080000000, 0x0000000085a00000, 0x00000000d5580000)
  object space 92160K, 63% used [0x0000000080000000,0x00000000839268e0,0x0000000085a00000)
 Metaspace       used 73228K, capacity 77022K, committed 77144K, reserved 1116160K
  class space    used 10070K, capacity 10805K, committed 10880K, reserved 1048576K
Event: 199.304 GC heap after
Heap after GC invocations=37 (full 4):
 PSYoungGen      total 79360K, used 4800K [0x00000000d5580000, 0x00000000db800000, 0x0000000100000000)
  eden space 64512K, 0% used [0x00000000d5580000,0x00000000d5580000,0x00000000d9480000)
  from space 14848K, 32% used [0x00000000d9480000,0x00000000d9930000,0x00000000da300000)
  to   space 14336K, 0% used [0x00000000daa00000,0x00000000daa00000,0x00000000db800000)
 ParOldGen       total 92160K, used 58530K [0x0000000080000000, 0x0000000085a00000, 0x00000000d5580000)
  object space 92160K, 63% used [0x0000000080000000,0x00000000839288e0,0x0000000085a00000)
 Metaspace       used 73228K, capacity 77022K, committed 77144K, reserved 1116160K
  class space    used 10070K, capacity 10805K, committed 10880K, reserved 1048576K
}
Event: 200.712 GC heap before
{Heap before GC invocations=38 (full 4):
 PSYoungGen      total 79360K, used 69312K [0x00000000d5580000, 0x00000000db800000, 0x0000000100000000)
  eden space 64512K, 100% used [0x00000000d5580000,0x00000000d9480000,0x00000000d9480000)
  from space 14848K, 32% used [0x00000000d9480000,0x00000000d9930000,0x00000000da300000)
  to   space 14336K, 0% used [0x00000000daa00000,0x00000000daa00000,0x00000000db800000)
 ParOldGen       total 92160K, used 58530K [0x0000000080000000, 0x0000000085a00000, 0x00000000d5580000)
  object space 92160K, 63% used [0x0000000080000000,0x00000000839288e0,0x0000000085a00000)
 Metaspace       used 74293K, capacity 78428K, committed 78552K, reserved 1116160K
  class space    used 10208K, capacity 10982K, committed 11008K, reserved 1048576K
Event: 200.729 GC heap after
Heap after GC invocations=38 (full 4):
 PSYoungGen      total 85504K, used 5788K [0x00000000d5580000, 0x00000000db700000, 0x0000000100000000)
  eden space 72192K, 0% used [0x00000000d5580000,0x00000000d5580000,0x00000000d9c00000)
  from space 13312K, 43% used [0x00000000daa00000,0x00000000dafa7018,0x00000000db700000)
  to   space 13824K, 0% used [0x00000000d9c00000,0x00000000d9c00000,0x00000000da980000)
 ParOldGen       total 92160K, used 58538K [0x0000000080000000, 0x0000000085a00000, 0x00000000d5580000)
  object space 92160K, 63% used [0x0000000080000000,0x000000008392a8e0,0x0000000085a00000)
 Metaspace       used 74293K, capacity 78428K, committed 78552K, reserved 1116160K
  class space    used 10208K, capacity 10982K, committed 11008K, reserved 1048576K
}
Event: 202.413 GC heap before
{Heap before GC invocations=39 (full 4):
 PSYoungGen      total 85504K, used 77980K [0x00000000d5580000, 0x00000000db700000, 0x0000000100000000)
  eden space 72192K, 100% used [0x00000000d5580000,0x00000000d9c00000,0x00000000d9c00000)
  from space 13312K, 43% used [0x00000000daa00000,0x00000000dafa7018,0x00000000db700000)
  to   space 13824K, 0% used [0x00000000d9c00000,0x00000000d9c00000,0x00000000da980000)
 ParOldGen       total 92160K, used 58538K [0x0000000080000000, 0x0000000085a00000, 0x00000000d5580000)
  object space 92160K, 63% used [0x0000000080000000,0x000000008392a8e0,0x0000000085a00000)
 Metaspace       used 74559K, capacity 78728K, committed 78808K, reserved 1118208K
  class space    used 10228K, capacity 11000K, committed 11008K, reserved 1048576K
Event: 202.445 GC heap after
Heap after GC invocations=39 (full 4):
 PSYoungGen      total 86016K, used 5536K [0x00000000d5580000, 0x00000000dbe80000, 0x0000000100000000)
  eden space 72192K, 0% used [0x00000000d5580000,0x00000000d5580000,0x00000000d9c00000)
  from space 13824K, 40% used [0x00000000d9c00000,0x00000000da168000,0x00000000da980000)
  to   space 12800K, 0% used [0x00000000db200000,0x00000000db200000,0x00000000dbe80000)
 ParOldGen       total 92160K, used 58546K [0x0000000080000000, 0x0000000085a00000, 0x00000000d5580000)
  object space 92160K, 63% used [0x0000000080000000,0x000000008392c8e0,0x0000000085a00000)
 Metaspace       used 74559K, capacity 78728K, committed 78808K, reserved 1118208K
  class space    used 10228K, capacity 11000K, committed 11008K, reserved 1048576K
}
Event: 203.542 GC heap before
{Heap before GC invocations=40 (full 4):
 PSYoungGen      total 86016K, used 77728K [0x00000000d5580000, 0x00000000dbe80000, 0x0000000100000000)
  eden space 72192K, 100% used [0x00000000d5580000,0x00000000d9c00000,0x00000000d9c00000)
  from space 13824K, 40% used [0x00000000d9c00000,0x00000000da168000,0x00000000da980000)
  to   space 12800K, 0% used [0x00000000db200000,0x00000000db200000,0x00000000dbe80000)
 ParOldGen       total 92160K, used 58546K [0x0000000080000000, 0x0000000085a00000, 0x00000000d5580000)
  object space 92160K, 63% used [0x0000000080000000,0x000000008392c8e0,0x0000000085a00000)
 Metaspace       used 74608K, capacity 78808K, committed 79064K, reserved 1118208K
  class space    used 10232K, capacity 11002K, committed 11008K, reserved 1048576K
Event: 203.566 GC heap after
Heap after GC invocations=40 (full 4):
 PSYoungGen      total 94720K, used 2464K [0x00000000d5580000, 0x00000000dbf80000, 0x0000000100000000)
  eden space 81920K, 0% used [0x00000000d5580000,0x00000000d5580000,0x00000000da580000)
  from space 12800K, 19% used [0x00000000db200000,0x00000000db468000,0x00000000dbe80000)
  to   space 12800K, 0% used [0x00000000da580000,0x00000000da580000,0x00000000db200000)
 ParOldGen       total 92160K, used 62689K [0x0000000080000000, 0x0000000085a00000, 0x00000000d5580000)
  object space 92160K, 68% used [0x0000000080000000,0x0000000083d38610,0x0000000085a00000)
 Metaspace       used 74608K, capacity 78808K, committed 79064K, reserved 1118208K
  class space    used 10232K, capacity 11002K, committed 11008K, reserved 1048576K
}

