# JRE version: OpenJDK Runtime Environment (8.0_242-b01) (build 1.8.0_242-release-1644-b01)
# Java VM: OpenJDK 64-Bit Server VM (25.242-b01 mixed mode windows-amd64 compressed oops)
Heap:
 PSYoungGen      total 120320K, used 86273K [0x00000000d5580000, 0x00000000dfb00000, 0x0000000100000000)
  eden space 109056K, 68% used [0x00000000d5580000,0x00000000d9ec58d8,0x00000000dc000000)
  from space 11264K, 99% used [0x00000000dc000000,0x00000000dcafade0,0x00000000dcb00000)
  to   space 15360K, 0% used [0x00000000dec00000,0x00000000dec00000,0x00000000dfb00000)
 ParOldGen       total 96768K, used 22083K [0x0000000080000000, 0x0000000085e80000, 0x00000000d5580000)
  object space 96768K, 22% used [0x0000000080000000,0x0000000081590f70,0x0000000085e80000)
 Metaspace       used 54496K, capacity 56730K, committed 56792K, reserved 1097728K
  class space    used 7410K, capacity 7895K, committed 7936K, reserved 1048576K
GC Heap History (10 events):
Event: 28.127 GC heap before
{Heap before GC invocations=9 (full 1):
 PSYoungGen      total 76800K, used 74343K [0x00000000d5580000, 0x00000000dc400000, 0x0000000100000000)
  eden space 66048K, 100% used [0x00000000d5580000,0x00000000d9600000,0x00000000d9600000)
  from space 10752K, 77% used [0x00000000d9600000,0x00000000d9e19f88,0x00000000da080000)
  to   space 11264K, 0% used [0x00000000db900000,0x00000000db900000,0x00000000dc400000)
 ParOldGen       total 66048K, used 9112K [0x0000000080000000, 0x0000000084080000, 0x00000000d5580000)
  object space 66048K, 13% used [0x0000000080000000,0x00000000808e6190,0x0000000084080000)
 Metaspace       used 32892K, capacity 33908K, committed 34176K, reserved 1079296K
  class space    used 4487K, capacity 4721K, committed 4736K, reserved 1048576K
Event: 28.157 GC heap after
Heap after GC invocations=9 (full 1):
 PSYoungGen      total 97792K, used 9286K [0x00000000d5580000, 0x00000000dc280000, 0x0000000100000000)
  eden space 88064K, 0% used [0x00000000d5580000,0x00000000d5580000,0x00000000dab80000)
  from space 9728K, 95% used [0x00000000db900000,0x00000000dc211b90,0x00000000dc280000)
  to   space 11776K, 0% used [0x00000000dab80000,0x00000000dab80000,0x00000000db700000)
 ParOldGen       total 66048K, used 9120K [0x0000000080000000, 0x0000000084080000, 0x00000000d5580000)
  object space 66048K, 13% used [0x0000000080000000,0x00000000808e8190,0x0000000084080000)
 Metaspace       used 32892K, capacity 33908K, committed 34176K, reserved 1079296K
  class space    used 4487K, capacity 4721K, committed 4736K, reserved 1048576K
}
Event: 28.775 GC heap before
{Heap before GC invocations=10 (full 1):
 PSYoungGen      total 97792K, used 35462K [0x00000000d5580000, 0x00000000dc280000, 0x0000000100000000)
  eden space 88064K, 29% used [0x00000000d5580000,0x00000000d6f0fcc8,0x00000000dab80000)
  from space 9728K, 95% used [0x00000000db900000,0x00000000dc211b90,0x00000000dc280000)
  to   space 11776K, 0% used [0x00000000dab80000,0x00000000dab80000,0x00000000db700000)
 ParOldGen       total 66048K, used 9120K [0x0000000080000000, 0x0000000084080000, 0x00000000d5580000)
  object space 66048K, 13% used [0x0000000080000000,0x00000000808e8190,0x0000000084080000)
 Metaspace       used 34229K, capacity 35390K, committed 35416K, reserved 1079296K
  class space    used 4704K, capacity 4971K, committed 4992K, reserved 1048576K
Event: 28.797 GC heap after
Heap after GC invocations=10 (full 1):
 PSYoungGen      total 99840K, used 7917K [0x00000000d5580000, 0x00000000dd680000, 0x0000000100000000)
  eden space 88064K, 0% used [0x00000000d5580000,0x00000000d5580000,0x00000000dab80000)
  from space 11776K, 67% used [0x00000000dab80000,0x00000000db33b788,0x00000000db700000)
  to   space 11776K, 0% used [0x00000000dcb00000,0x00000000dcb00000,0x00000000dd680000)
 ParOldGen       total 66048K, used 9128K [0x0000000080000000, 0x0000000084080000, 0x00000000d5580000)
  object space 66048K, 13% used [0x0000000080000000,0x00000000808ea190,0x0000000084080000)
 Metaspace       used 34229K, capacity 35390K, committed 35416K, reserved 1079296K
  class space    used 4704K, capacity 4971K, committed 4992K, reserved 1048576K
}
Event: 28.797 GC heap before
{Heap before GC invocations=11 (full 2):
 PSYoungGen      total 99840K, used 7917K [0x00000000d5580000, 0x00000000dd680000, 0x0000000100000000)
  eden space 88064K, 0% used [0x00000000d5580000,0x00000000d5580000,0x00000000dab80000)
  from space 11776K, 67% used [0x00000000dab80000,0x00000000db33b788,0x00000000db700000)
  to   space 11776K, 0% used [0x00000000dcb00000,0x00000000dcb00000,0x00000000dd680000)
 ParOldGen       total 66048K, used 9128K [0x0000000080000000, 0x0000000084080000, 0x00000000d5580000)
  object space 66048K, 13% used [0x0000000080000000,0x00000000808ea190,0x0000000084080000)
 Metaspace       used 34229K, capacity 35390K, committed 35416K, reserved 1079296K
  class space    used 4704K, capacity 4971K, committed 4992K, reserved 1048576K
Event: 28.895 GC heap after
Heap after GC invocations=11 (full 2):
 PSYoungGen      total 99840K, used 0K [0x00000000d5580000, 0x00000000dd680000, 0x0000000100000000)
  eden space 88064K, 0% used [0x00000000d5580000,0x00000000d5580000,0x00000000dab80000)
  from space 11776K, 0% used [0x00000000dab80000,0x00000000dab80000,0x00000000db700000)
  to   space 11776K, 0% used [0x00000000dcb00000,0x00000000dcb00000,0x00000000dd680000)
 ParOldGen       total 96768K, used 14445K [0x0000000080000000, 0x0000000085e80000, 0x00000000d5580000)
  object space 96768K, 14% used [0x0000000080000000,0x0000000080e1b518,0x0000000085e80000)
 Metaspace       used 34229K, capacity 35390K, committed 35416K, reserved 1079296K
  class space    used 4704K, capacity 4971K, committed 4992K, reserved 1048576K
}
Event: 30.789 GC heap before
{Heap before GC invocations=12 (full 2):
 PSYoungGen      total 99840K, used 88064K [0x00000000d5580000, 0x00000000dd680000, 0x0000000100000000)
  eden space 88064K, 100% used [0x00000000d5580000,0x00000000dab80000,0x00000000dab80000)
  from space 11776K, 0% used [0x00000000dab80000,0x00000000dab80000,0x00000000db700000)
  to   space 11776K, 0% used [0x00000000dcb00000,0x00000000dcb00000,0x00000000dd680000)
 ParOldGen       total 96768K, used 14445K [0x0000000080000000, 0x0000000085e80000, 0x00000000d5580000)
  object space 96768K, 14% used [0x0000000080000000,0x0000000080e1b518,0x0000000085e80000)
 Metaspace       used 36800K, capacity 38298K, committed 38616K, reserved 1083392K
  class space    used 5058K, capacity 5365K, committed 5376K, reserved 1048576K
Event: 30.809 GC heap after
Heap after GC invocations=12 (full 2):
 PSYoungGen      total 120832K, used 6381K [0x00000000d5580000, 0x00000000dda00000, 0x0000000100000000)
  eden space 109056K, 0% used [0x00000000d5580000,0x00000000d5580000,0x00000000dc000000)
  from space 11776K, 54% used [0x00000000dcb00000,0x00000000dd13b5e0,0x00000000dd680000)
  to   space 11264K, 0% used [0x00000000dc000000,0x00000000dc000000,0x00000000dcb00000)
 ParOldGen       total 96768K, used 14453K [0x0000000080000000, 0x0000000085e80000, 0x00000000d5580000)
  object space 96768K, 14% used [0x0000000080000000,0x0000000080e1d518,0x0000000085e80000)
 Metaspace       used 36800K, capacity 38298K, committed 38616K, reserved 1083392K
  class space    used 5058K, capacity 5365K, committed 5376K, reserved 1048576K
}
Event: 35.456 GC heap before
{Heap before GC invocations=13 (full 2):
 PSYoungGen      total 120832K, used 114889K [0x00000000d5580000, 0x00000000dda00000, 0x0000000100000000)
  eden space 109056K, 99% used [0x00000000d5580000,0x00000000dbf771c8,0x00000000dc000000)
  from space 11776K, 54% used [0x00000000dcb00000,0x00000000dd13b5e0,0x00000000dd680000)
  to   space 11264K, 0% used [0x00000000dc000000,0x00000000dc000000,0x00000000dcb00000)
 ParOldGen       total 96768K, used 14453K [0x0000000080000000, 0x0000000085e80000, 0x00000000d5580000)
  object space 96768K, 14% used [0x0000000080000000,0x0000000080e1d518,0x0000000085e80000)
 Metaspace       used 47982K, capacity 49906K, committed 50136K, reserved 1093632K
  class space    used 6460K, capacity 6848K, committed 6912K, reserved 1048576K
Event: 35.512 GC heap after
Heap after GC invocations=13 (full 2):
 PSYoungGen      total 120320K, used 11243K [0x00000000d5580000, 0x00000000dfb00000, 0x0000000100000000)
  eden space 109056K, 0% used [0x00000000d5580000,0x00000000d5580000,0x00000000dc000000)
  from space 11264K, 99% used [0x00000000dc000000,0x00000000dcafade0,0x00000000dcb00000)
  to   space 15360K, 0% used [0x00000000dec00000,0x00000000dec00000,0x00000000dfb00000)
 ParOldGen       total 96768K, used 22083K [0x0000000080000000, 0x0000000085e80000, 0x00000000d5580000)
  object space 96768K, 22% used [0x0000000080000000,0x0000000081590f70,0x0000000085e80000)
 Metaspace       used 47982K, capacity 49906K, committed 50136K, reserved 1093632K
  class space    used 6460K, capacity 6848K, committed 6912K, reserved 1048576K
}

